[10:44:19] [ServerMain/INFO]: Environment: authHost='https://authserver.mojang.com', accountsHost='https://api.mojang.com', sessionHost='https://sessionserver.mojang.com', servicesHost='https://api.minecraftservices.com', name='PROD'
[10:44:19] [ServerMain/INFO]: Found new data pack file/bukkit, loading it automatically
[10:44:20] [ServerMain/ERROR]: No key layers in MapLike[{}]
[10:44:22] [ServerMain/INFO]: Loaded 7 recipes
[10:44:23] [Server thread/INFO]: Starting minecraft server version 1.19.4
[10:44:23] [Server thread/INFO]: Loading properties
[10:44:23] [Server thread/INFO]: This server is running CraftBukkit version 3714-Spigot-b31949f-3ae9069 (MC: 1.19.4) (Implementing API version 1.19.4-R0.1-SNAPSHOT)
[10:44:24] [Server thread/INFO]: Server Ping Player Sample Count: 12
[10:44:24] [Server thread/INFO]: Using 4 threads for Netty based IO
[10:44:24] [Server thread/INFO]: Debug logging is disabled
[10:44:24] [Server thread/INFO]: Default game type: CREATIVE
[10:44:24] [Server thread/INFO]: Generating keypair
[10:44:24] [Server thread/INFO]: Starting Minecraft server on *:25565
[10:44:24] [Server thread/INFO]: Using epoll channel type
[10:44:27] [Server thread/WARN]: Initializing Legacy Material Support. Unless you have legacy plugins and/or data this is a bug!
[10:44:35] [Server thread/WARN]: Legacy plugin SetSpawn v3.4 does not specify an api-version.
[10:44:35] [Server thread/WARN]: Legacy plugin ELCI v1.12.1 does not specify an api-version.
[10:44:35] [Server thread/INFO]: [SetSpawn] Loading SetSpawn v3.4
[10:44:35] [Server thread/INFO]: [ELCI] Loading ELCI v1.12.1
[10:44:35] [Server thread/INFO]: Preparing level "world"
[10:44:35] [Server thread/ERROR]: No key layers in MapLike[{}]
[10:44:35] [Server thread/INFO]: -------- World Settings For [world] --------
[10:44:35] [Server thread/INFO]: Cactus Growth Modifier: 100%
[10:44:35] [Server thread/INFO]: Cane Growth Modifier: 100%
[10:44:35] [Server thread/INFO]: Melon Growth Modifier: 100%
[10:44:35] [Server thread/INFO]: Mushroom Growth Modifier: 100%
[10:44:35] [Server thread/INFO]: Pumpkin Growth Modifier: 100%
[10:44:35] [Server thread/INFO]: Sapling Growth Modifier: 100%
[10:44:35] [Server thread/INFO]: Beetroot Growth Modifier: 100%
[10:44:35] [Server thread/INFO]: Carrot Growth Modifier: 100%
[10:44:35] [Server thread/INFO]: Potato Growth Modifier: 100%
[10:44:35] [Server thread/INFO]: Wheat Growth Modifier: 100%
[10:44:35] [Server thread/INFO]: NetherWart Growth Modifier: 100%
[10:44:35] [Server thread/INFO]: Vine Growth Modifier: 100%
[10:44:35] [Server thread/INFO]: Cocoa Growth Modifier: 100%
[10:44:35] [Server thread/INFO]: Bamboo Growth Modifier: 100%
[10:44:35] [Server thread/INFO]: SweetBerry Growth Modifier: 100%
[10:44:35] [Server thread/INFO]: Kelp Growth Modifier: 100%
[10:44:35] [Server thread/INFO]: TwistingVines Growth Modifier: 100%
[10:44:35] [Server thread/INFO]: WeepingVines Growth Modifier: 100%
[10:44:35] [Server thread/INFO]: CaveVines Growth Modifier: 100%
[10:44:35] [Server thread/INFO]: Entity Activation Range: An 32 / Mo 32 / Ra 48 / Mi 16 / Tiv true / Isa false
[10:44:35] [Server thread/INFO]: Max TNT Explosions: 100
[10:44:35] [Server thread/INFO]: Tile Max Tick Time: 50ms Entity max Tick Time: 50ms
[10:44:35] [Server thread/INFO]: Experience Merge Radius: 3.0
[10:44:35] [Server thread/INFO]: Mob Spawn Range: 6
[10:44:35] [Server thread/INFO]: Entity Tracking Range: Pl 48 / An 48 / Mo 48 / Mi 32 / Other 64
[10:44:35] [Server thread/INFO]: Hopper Transfer: 8 Hopper Check: 1 Hopper Amount: 1 Hopper Can Load Chunks: false
[10:44:35] [Server thread/INFO]: Custom Map Seeds:  Village: 10387312 Desert: 14357617 Igloo: 14357618 Jungle: 14357619 Swamp: 14357620 Monument: 10387313 Ocean: 14357621 Shipwreck: 165745295 End City: 10387313 Slime: 987234911 Nether: 30084232 Mansion: 10387319 Fossil: 14357921 Portal: 34222645
[10:44:35] [Server thread/INFO]: View Distance: 10
[10:44:35] [Server thread/INFO]: Simulation Distance: 10
[10:44:35] [Server thread/INFO]: Item Despawn Rate: 6000
[10:44:35] [Server thread/INFO]: Item Merge Radius: 2.5
[10:44:35] [Server thread/INFO]: Allow Zombie Pigmen to spawn from portal blocks: true
[10:44:35] [Server thread/INFO]: Arrow Despawn Rate: 1200 Trident Respawn Rate:1200
[10:44:35] [Server thread/INFO]: Zombie Aggressive Towards Villager: true
[10:44:35] [Server thread/INFO]: Nerfing mobs spawned from spawners: false
[10:44:37] [Server thread/INFO]: Preparing start region for dimension minecraft:overworld
[10:44:39] [Worker-Main-11/INFO]: Preparing spawn area: 0%
[10:44:39] [Worker-Main-5/INFO]: Preparing spawn area: 0%
[10:44:39] [Worker-Main-5/INFO]: Preparing spawn area: 0%
[10:44:39] [Worker-Main-5/INFO]: Preparing spawn area: 0%
[10:44:39] [Worker-Main-2/INFO]: Preparing spawn area: 0%
[10:44:40] [Worker-Main-7/INFO]: Preparing spawn area: 0%
[10:44:40] [Worker-Main-9/INFO]: Preparing spawn area: 5%
[10:44:42] [Worker-Main-3/INFO]: Preparing spawn area: 10%
[10:44:42] [Worker-Main-4/INFO]: Preparing spawn area: 10%
[10:44:42] [Worker-Main-4/INFO]: Preparing spawn area: 14%
[10:44:42] [Worker-Main-9/INFO]: Preparing spawn area: 19%
[10:44:43] [Worker-Main-2/INFO]: Preparing spawn area: 23%
[10:44:44] [Worker-Main-4/INFO]: Preparing spawn area: 24%
[10:44:44] [Worker-Main-8/INFO]: Preparing spawn area: 31%
[10:44:45] [Worker-Main-6/INFO]: Preparing spawn area: 39%
[10:44:47] [Worker-Main-11/INFO]: Preparing spawn area: 44%
[10:44:47] [Worker-Main-11/INFO]: Preparing spawn area: 44%
[10:44:47] [Worker-Main-11/INFO]: Preparing spawn area: 44%
[10:44:47] [Worker-Main-11/INFO]: Preparing spawn area: 44%
[10:44:47] [Worker-Main-11/INFO]: Preparing spawn area: 44%
[10:44:48] [Worker-Main-1/INFO]: Preparing spawn area: 92%
[10:44:48] [Server thread/INFO]: Time elapsed: 10171 ms
[10:44:48] [Server thread/INFO]: [SetSpawn] Enabling SetSpawn v3.4
[10:44:48] [Server thread/INFO]: [SetSpawn] Enabled!
[10:44:48] [Server thread/INFO]: [ELCI] Enabling ELCI v1.12.1
[10:44:48] [Server thread/INFO]: [ELCI] Using host:port - 0.0.0.0:4711
[10:44:48] [Server thread/INFO]: [ELCI] ThreadListener Started
[10:44:48] [Server thread/INFO]: Server permissions file permissions.yml is empty, ignoring it
[10:44:48] [Server thread/INFO]: Done (12.648s)! For help, type "help"
[10:47:12] [User Authenticator #1/INFO]: UUID of player Gachambling is 2688bcf1-dcf4-472f-bfea-192fa9ed93f5
[10:47:12] [Server thread/INFO]: Welcome Gachambling[m
[10:47:12] [Server thread/INFO]: Gachambling joined the game
[10:47:13] [Server thread/INFO]: Gachambling[/[0:0:0:0:0:0:0:1%0]:42120] logged in with entity id 1 at ([world]1.5, -60.0, -8.5)
[10:47:36] [Server thread/INFO]: Gachambling issued server command: /teleport
[10:47:43] [Server thread/INFO]: Gachambling issued server command: /tp Gachambling 0 0 0
[10:47:43] [Server thread/INFO]: [Gachambling: Teleported Gachambling to 0.500000, 0.000000, 0.500000]
[10:49:05] [Thread-8/INFO]: [ELCI] Opened connection to/127.0.0.1:34610.
[10:49:05] [Thread-14/INFO]: [ELCI] Starting input thread
[10:49:05] [Thread-15/INFO]: [ELCI] Starting output thread!
[10:49:05] [Server thread/INFO]: [ELCI] Closed connection to/127.0.0.1:34610.
[10:51:06] [Thread-18/INFO]: [ELCI] Starting input thread
[10:51:06] [Thread-8/INFO]: [ELCI] Opened connection to/127.0.0.1:57750.
[10:51:06] [Thread-19/INFO]: [ELCI] Starting output thread!
[10:51:06] [Server thread/INFO]: [ELCI] Closed connection to/127.0.0.1:57750.
[10:55:01] [Server thread/INFO]: Gachambling issued server command: /tp
[10:55:11] [Server thread/INFO]: Gachambling issued server command: /tps 1 1 1
[10:55:27] [Server thread/INFO]: Gachambling issued server command: /tp Gachambling 100 100 100
[10:55:27] [Server thread/INFO]: [Gachambling: Teleported Gachambling to 100.500000, 100.000000, 100.500000]
[10:55:56] [Thread-8/INFO]: [ELCI] Opened connection to/127.0.0.1:36892.
[10:55:56] [Thread-25/INFO]: [ELCI] Starting output thread!
[10:55:56] [Thread-24/INFO]: [ELCI] Starting input thread
[10:55:56] [Server thread/INFO]: [ELCI] Closed connection to/127.0.0.1:36892.
